0 info it worked if it ends with ok
1 verbose cli [ '/usr/local/Cellar/node/0.10.13/bin/node',
1 verbose cli   '/usr/local/bin/npm',
1 verbose cli   'install',
1 verbose cli   'underscore',
1 verbose cli   'underscore.string',
1 verbose cli   'mustache',
1 verbose cli   'couchnode' ]
2 info using npm@1.3.2
3 info using node@v0.10.13
4 verbose cache add [ 'underscore', null ]
5 verbose cache add name=undefined spec="underscore" args=["underscore",null]
6 verbose parsed url { protocol: null,
6 verbose parsed url   slashes: null,
6 verbose parsed url   auth: null,
6 verbose parsed url   host: null,
6 verbose parsed url   port: null,
6 verbose parsed url   hostname: null,
6 verbose parsed url   hash: null,
6 verbose parsed url   search: null,
6 verbose parsed url   query: null,
6 verbose parsed url   pathname: 'underscore',
6 verbose parsed url   path: 'underscore',
6 verbose parsed url   href: 'underscore' }
7 verbose cache add [ 'underscore.string', null ]
8 verbose cache add name=undefined spec="underscore.string" args=["underscore.string",null]
9 verbose parsed url { protocol: null,
9 verbose parsed url   slashes: null,
9 verbose parsed url   auth: null,
9 verbose parsed url   host: null,
9 verbose parsed url   port: null,
9 verbose parsed url   hostname: null,
9 verbose parsed url   hash: null,
9 verbose parsed url   search: null,
9 verbose parsed url   query: null,
9 verbose parsed url   pathname: 'underscore.string',
9 verbose parsed url   path: 'underscore.string',
9 verbose parsed url   href: 'underscore.string' }
10 verbose cache add [ 'mustache', null ]
11 verbose cache add name=undefined spec="mustache" args=["mustache",null]
12 verbose parsed url { protocol: null,
12 verbose parsed url   slashes: null,
12 verbose parsed url   auth: null,
12 verbose parsed url   host: null,
12 verbose parsed url   port: null,
12 verbose parsed url   hostname: null,
12 verbose parsed url   hash: null,
12 verbose parsed url   search: null,
12 verbose parsed url   query: null,
12 verbose parsed url   pathname: 'mustache',
12 verbose parsed url   path: 'mustache',
12 verbose parsed url   href: 'mustache' }
13 verbose cache add [ 'couchnode', null ]
14 verbose cache add name=undefined spec="couchnode" args=["couchnode",null]
15 verbose parsed url { protocol: null,
15 verbose parsed url   slashes: null,
15 verbose parsed url   auth: null,
15 verbose parsed url   host: null,
15 verbose parsed url   port: null,
15 verbose parsed url   hostname: null,
15 verbose parsed url   hash: null,
15 verbose parsed url   search: null,
15 verbose parsed url   query: null,
15 verbose parsed url   pathname: 'couchnode',
15 verbose parsed url   path: 'couchnode',
15 verbose parsed url   href: 'couchnode' }
16 silly lockFile 64bc6893-underscore underscore
17 verbose lock underscore /Users/prataprc/.npm/64bc6893-underscore.lock
18 silly lockFile 7e3f13b5-underscore-string underscore.string
19 verbose lock underscore.string /Users/prataprc/.npm/7e3f13b5-underscore-string.lock
20 silly lockFile e372423e-mustache mustache
21 verbose lock mustache /Users/prataprc/.npm/e372423e-mustache.lock
22 silly lockFile 2e9fb3e2-couchnode couchnode
23 verbose lock couchnode /Users/prataprc/.npm/2e9fb3e2-couchnode.lock
24 silly lockFile 64bc6893-underscore underscore
25 silly lockFile 64bc6893-underscore underscore
26 silly lockFile e372423e-mustache mustache
27 silly lockFile e372423e-mustache mustache
28 silly lockFile 7e3f13b5-underscore-string underscore.string
29 silly lockFile 7e3f13b5-underscore-string underscore.string
30 silly lockFile 2e9fb3e2-couchnode couchnode
31 silly lockFile 2e9fb3e2-couchnode couchnode
32 verbose addNamed [ 'underscore', '' ]
33 verbose addNamed [ null, '*' ]
34 silly lockFile 7629b758-underscore underscore@
35 verbose lock underscore@ /Users/prataprc/.npm/7629b758-underscore.lock
36 silly addNameRange { name: 'underscore', range: '*', hasData: false }
37 verbose addNamed [ 'mustache', '' ]
38 verbose addNamed [ null, '*' ]
39 silly lockFile 58264633-mustache mustache@
40 verbose lock mustache@ /Users/prataprc/.npm/58264633-mustache.lock
41 verbose addNamed [ 'couchnode', '' ]
42 verbose addNamed [ null, '*' ]
43 silly lockFile b87daf57-couchnode couchnode@
44 verbose lock couchnode@ /Users/prataprc/.npm/b87daf57-couchnode.lock
45 verbose addNamed [ 'underscore.string', '' ]
46 verbose addNamed [ null, '*' ]
47 silly lockFile 827a2736-underscore-string underscore.string@
48 verbose lock underscore.string@ /Users/prataprc/.npm/827a2736-underscore-string.lock
49 silly addNameRange { name: 'mustache', range: '*', hasData: false }
50 silly addNameRange { name: 'couchnode', range: '*', hasData: false }
51 silly addNameRange { name: 'underscore.string', range: '*', hasData: false }
52 verbose url raw couchnode
53 verbose url resolving [ 'https://registry.npmjs.org/', './couchnode' ]
54 verbose url resolved https://registry.npmjs.org/couchnode
55 info trying registry request attempt 1 at 11:09:29
56 http GET https://registry.npmjs.org/couchnode
57 verbose url raw underscore
58 verbose url resolving [ 'https://registry.npmjs.org/', './underscore' ]
59 verbose url resolved https://registry.npmjs.org/underscore
60 info trying registry request attempt 1 at 11:09:29
61 verbose etag "3MEDJ9XFLYN95XB53UD5ITMHH"
62 http GET https://registry.npmjs.org/underscore
63 verbose url raw underscore.string
64 verbose url resolving [ 'https://registry.npmjs.org/', './underscore.string' ]
65 verbose url resolved https://registry.npmjs.org/underscore.string
66 info trying registry request attempt 1 at 11:09:29
67 verbose etag "82KONBUKGVFGLKPUIJ91QHEA4"
68 http GET https://registry.npmjs.org/underscore.string
69 verbose url raw mustache
70 verbose url resolving [ 'https://registry.npmjs.org/', './mustache' ]
71 verbose url resolved https://registry.npmjs.org/mustache
72 info trying registry request attempt 1 at 11:09:29
73 verbose etag "2S2D57G5IIN4QN74W6XQ1YUYJ"
74 http GET https://registry.npmjs.org/mustache
75 http 304 https://registry.npmjs.org/mustache
76 silly registry.get cb [ 304,
76 silly registry.get   { server: 'CouchDB/1.3.0 (Erlang OTP/R15B03)',
76 silly registry.get     etag: '"2S2D57G5IIN4QN74W6XQ1YUYJ"',
76 silly registry.get     date: 'Tue, 23 Jul 2013 05:39:31 GMT',
76 silly registry.get     'content-length': '0' } ]
77 verbose etag mustache from cache
78 http 304 https://registry.npmjs.org/underscore.string
79 silly registry.get cb [ 304,
79 silly registry.get   { server: 'CouchDB/1.3.0 (Erlang OTP/R15B03)',
79 silly registry.get     etag: '"82KONBUKGVFGLKPUIJ91QHEA4"',
79 silly registry.get     date: 'Tue, 23 Jul 2013 05:39:31 GMT',
79 silly registry.get     'content-length': '0' } ]
80 verbose etag underscore.string from cache
81 http 304 https://registry.npmjs.org/underscore
82 silly registry.get cb [ 304,
82 silly registry.get   { server: 'CouchDB/1.3.0 (Erlang OTP/R15B03)',
82 silly registry.get     etag: '"3MEDJ9XFLYN95XB53UD5ITMHH"',
82 silly registry.get     date: 'Tue, 23 Jul 2013 05:39:31 GMT',
82 silly registry.get     'content-length': '0' } ]
83 verbose etag underscore from cache
84 http 404 https://registry.npmjs.org/couchnode
85 silly registry.get cb [ 404,
85 silly registry.get   { server: 'CouchDB/1.3.0 (Erlang OTP/R15B03)',
85 silly registry.get     date: 'Tue, 23 Jul 2013 05:39:31 GMT',
85 silly registry.get     'content-type': 'application/json',
85 silly registry.get     'content-length': '52',
85 silly registry.get     'cache-control': 'must-revalidate' } ]
86 silly lockFile b87daf57-couchnode couchnode@
87 silly lockFile b87daf57-couchnode couchnode@
88 error 404 'couchnode' is not in the npm registry.
88 error 404 You should bug the author to publish it
88 error 404
88 error 404 Note that you can also install from a
88 error 404 tarball, folder, or http url, or git url.
89 error System Darwin 12.3.0
90 error command "/usr/local/Cellar/node/0.10.13/bin/node" "/usr/local/bin/npm" "install" "underscore" "underscore.string" "mustache" "couchnode"
91 error cwd /Users/prataprc/dev/beersample-node
92 error node -v v0.10.13
93 error npm -v 1.3.2
94 error code E404
95 verbose exit [ 1, true ]
